This file contains any messages produced by compilers while
running configure, to aid debugging if configure makes a mistake.

It was created by qmidiroute configure 0.4.0, which was
generated by GNU Autoconf 2.69.  Invocation command line was

  $ ./configure --enable-qt5

## --------- ##
## Platform. ##
## --------- ##

hostname = localhost.localdomain
uname -m = x86_64
uname -r = 5.3.18-59.27-preempt
uname -s = Linux
uname -v = #1 SMP PREEMPT Tue Oct 5 10:00:40 UTC 2021 (7df2404)

/usr/bin/uname -p = x86_64
/bin/uname -X     = unknown

/bin/arch              = x86_64
/usr/bin/arch -k       = unknown
/usr/convex/getsysinfo = unknown
/usr/bin/hostinfo      = unknown
/bin/machine           = unknown
/usr/bin/oslevel       = unknown
/bin/universe          = unknown

PATH: /home/netpipe/bin
PATH: /usr/local/bin
PATH: /usr/bin
PATH: /bin


## ----------- ##
## Core tests. ##
## ----------- ##

configure:2113: loading site script /usr/share/site/x86_64-unknown-linux-gnu
| #!/bin/sh
| # Site script for configure. It is resourced via $CONFIG_SITE environment varaible.
| 
| # If user did not specify libdir, guess the correct target:
| # Use lib64 for 64 bit bi-arch targets, keep the default for the rest.
| if test "$libdir" = '${exec_prefix}/lib' ; then
| 
| 	ac_config_site_64bit_host=NONE
| 
| 	case "$host" in
| 	"" )
| 		# User did not specify host target.
| 		# The native platform x86_64 is a bi-arch platform.
| 		# Try to detect cross-compilation to inferior architecture.
| 
| 		# We are trying to guess 32-bit target compilation. It's not as easy as
| 		# it sounds, as there is possible several intermediate combinations.
| 		ac_config_site_cross_to_32bit_host=NONE
| 
| 		# User defined -m32 in CFLAGS or CXXFLAGS or CC or CXX:
| 		# (It's sufficient for 32-bit, but alone may cause mis-behavior of some checks.)
| 		case "$CFLAGS $CXXFLAGS $CC $CXX" in
| 		*-m32*)
| 			ac_config_site_cross_to_32bit_host=YES
| 			;;
| 		esac
| 
| 		# Running with linux32:
| 		# (Changes detected platform, but not the toolchain target.)
| 		case "`/bin/uname -i`" in
| 		x86_64 | ppc64 | s390x | aarch64 )
| 			;;
| 		* )
| 			ac_config_site_cross_to_32bit_host=YES
| 			;;
| 		esac
| 
| 		if test "x$ac_config_site_cross_to_32bit_host" = xNONE; then
| 			ac_config_site_64bit_host=YES
| 		fi
| 
| 		;;
| 	*x86_64* | *ppc64* | *s390x* | *aarch64* )
| 		ac_config_site_64bit_host=YES
| 		;;
| 	esac
| 
| 	if test "x$ac_config_site_64bit_host" = xYES; then
| 		libdir='${exec_prefix}/lib64'
| 	fi
| fi
| 
| # If user did not specify libexecdir, set the correct target:
| # Nor FHS nor openSUSE allow prefix/libexec. Let's default to prefix/lib.
| 
| if test "$libexecdir" = '${exec_prefix}/libexec' ; then
| 	libexecdir='${exec_prefix}/lib'
| fi
| 
| # Continue with the standard behavior of configure defined in AC_SITE_LOAD:
| if test "x$prefix" != xNONE; then
| 	ac_site_file1=$prefix/share/config.site
| 	ac_site_file2=$prefix/etc/config.site
| else
| 	ac_site_file1=$ac_default_prefix/share/config.site
| 	ac_site_file2=$ac_default_prefix/etc/config.site
| fi
| for ac_site_file in "$ac_site_file1" "$ac_site_file2"
| do
| 	test "x$ac_site_file" = xNONE && continue
| 	if test /dev/null != "$ac_site_file" && test -r "$ac_site_file"; then
| 		{ $as_echo "/usr/share/site/x86_64-unknown-linux-gnu:${as_lineno-$LINENO}: loading site script $ac_site_file" >&5
| $as_echo "/usr/share/site/x86_64-unknown-linux-gnu: loading site script $ac_site_file" >&6;}
| 		sed 's/^/| /' "$ac_site_file" >&5
| 		. "$ac_site_file" \
| 			|| { { $as_echo "/usr/share/site/x86_64-unknown-linux-gnu:${as_lineno-$LINENO}: error: in \`$ac_pwd':" >&5
| $as_echo "/usr/share/site/x86_64-unknown-linux-gnu: error: in \`$ac_pwd':" >&2;}
| as_fn_error $? "failed to load site script $ac_site_file
| See \`config.log' for more details" "$LINENO" 5; }
| 	fi
| done
configure:2257: checking for a BSD-compatible install
configure:2325: result: /usr/bin/install -c
configure:2336: checking whether build environment is sane
configure:2391: result: yes
configure:2429: WARNING: 'missing' script is too old or missing
configure:2542: checking for a thread-safe mkdir -p
configure:2581: result: /usr/bin/mkdir -p
configure:2588: checking for gawk
configure:2604: found /usr/bin/gawk
configure:2615: result: gawk
configure:2626: checking whether make sets $(MAKE)
configure:2648: result: yes
configure:2677: checking whether make supports nested variables
configure:2694: result: yes
configure:2882: checking for g++
configure:2898: found /usr/bin/g++
configure:2909: result: g++
configure:2936: checking for C++ compiler version
configure:2945: g++ --version >&5
g++ (SUSE Linux) 7.5.0
Copyright (C) 2017 Free Software Foundation, Inc.
This is free software; see the source for copying conditions.  There is NO
warranty; not even for MERCHANTABILITY or FITNESS FOR A PARTICULAR PURPOSE.

configure:2956: $? = 0
configure:2945: g++ -v >&5
Using built-in specs.
COLLECT_GCC=g++
COLLECT_LTO_WRAPPER=/usr/lib64/gcc/x86_64-suse-linux/7/lto-wrapper
OFFLOAD_TARGET_NAMES=hsa:nvptx-none
Target: x86_64-suse-linux
Configured with: ../configure --prefix=/usr --infodir=/usr/share/info --mandir=/usr/share/man --libdir=/usr/lib64 --libexecdir=/usr/lib64 --enable-languages=c,c++,objc,fortran,obj-c++,ada,go --enable-offload-targets=hsa,nvptx-none, --without-cuda-driver --enable-checking=release --disable-werror --with-gxx-include-dir=/usr/include/c++/7 --enable-ssp --disable-libssp --disable-libvtv --disable-libcc1 --disable-plugin --with-bugurl=https://bugs.opensuse.org/ --with-pkgversion='SUSE Linux' --with-slibdir=/lib64 --with-system-zlib --enable-libstdcxx-allocator=new --disable-libstdcxx-pch --enable-version-specific-runtime-libs --with-gcc-major-version-only --enable-linker-build-id --enable-linux-futex --enable-gnu-indirect-function --program-suffix=-7 --without-system-libunwind --enable-multilib --with-arch-32=x86-64 --with-tune=generic --build=x86_64-suse-linux --host=x86_64-suse-linux
Thread model: posix
gcc version 7.5.0 (SUSE Linux) 
configure:2956: $? = 0
configure:2945: g++ -V >&5
g++: error: unrecognized command line option '-V'
g++: fatal error: no input files
compilation terminated.
configure:2956: $? = 1
configure:2945: g++ -qversion >&5
g++: error: unrecognized command line option '-qversion'; did you mean '--version'?
g++: fatal error: no input files
compilation terminated.
configure:2956: $? = 1
configure:2976: checking whether the C++ compiler works
configure:2998: g++    conftest.cpp  >&5
configure:3002: $? = 0
configure:3050: result: yes
configure:3053: checking for C++ compiler default output file name
configure:3055: result: a.out
configure:3061: checking for suffix of executables
configure:3068: g++ -o conftest    conftest.cpp  >&5
configure:3072: $? = 0
configure:3094: result: 
configure:3116: checking whether we are cross compiling
configure:3124: g++ -o conftest    conftest.cpp  >&5
configure:3128: $? = 0
configure:3135: ./conftest
configure:3139: $? = 0
configure:3154: result: no
configure:3159: checking for suffix of object files
configure:3181: g++ -c   conftest.cpp >&5
configure:3185: $? = 0
configure:3206: result: o
configure:3210: checking whether we are using the GNU C++ compiler
configure:3229: g++ -c   conftest.cpp >&5
configure:3229: $? = 0
configure:3238: result: yes
configure:3247: checking whether g++ accepts -g
configure:3267: g++ -c -g  conftest.cpp >&5
configure:3267: $? = 0
configure:3308: result: yes
configure:3342: checking for style of include used by make
configure:3370: result: GNU
configure:3396: checking dependency style of g++
configure:3507: result: gcc3
configure:3570: checking for gcc
configure:3586: found /usr/bin/gcc
configure:3597: result: gcc
configure:3826: checking for C compiler version
configure:3835: gcc --version >&5
gcc (SUSE Linux) 7.5.0
Copyright (C) 2017 Free Software Foundation, Inc.
This is free software; see the source for copying conditions.  There is NO
warranty; not even for MERCHANTABILITY or FITNESS FOR A PARTICULAR PURPOSE.

configure:3846: $? = 0
configure:3835: gcc -v >&5
Using built-in specs.
COLLECT_GCC=gcc
COLLECT_LTO_WRAPPER=/usr/lib64/gcc/x86_64-suse-linux/7/lto-wrapper
OFFLOAD_TARGET_NAMES=hsa:nvptx-none
Target: x86_64-suse-linux
Configured with: ../configure --prefix=/usr --infodir=/usr/share/info --mandir=/usr/share/man --libdir=/usr/lib64 --libexecdir=/usr/lib64 --enable-languages=c,c++,objc,fortran,obj-c++,ada,go --enable-offload-targets=hsa,nvptx-none, --without-cuda-driver --enable-checking=release --disable-werror --with-gxx-include-dir=/usr/include/c++/7 --enable-ssp --disable-libssp --disable-libvtv --disable-libcc1 --disable-plugin --with-bugurl=https://bugs.opensuse.org/ --with-pkgversion='SUSE Linux' --with-slibdir=/lib64 --with-system-zlib --enable-libstdcxx-allocator=new --disable-libstdcxx-pch --enable-version-specific-runtime-libs --with-gcc-major-version-only --enable-linker-build-id --enable-linux-futex --enable-gnu-indirect-function --program-suffix=-7 --without-system-libunwind --enable-multilib --with-arch-32=x86-64 --with-tune=generic --build=x86_64-suse-linux --host=x86_64-suse-linux
Thread model: posix
gcc version 7.5.0 (SUSE Linux) 
configure:3846: $? = 0
configure:3835: gcc -V >&5
gcc: error: unrecognized command line option '-V'
gcc: fatal error: no input files
compilation terminated.
configure:3846: $? = 1
configure:3835: gcc -qversion >&5
gcc: error: unrecognized command line option '-qversion'; did you mean '--version'?
gcc: fatal error: no input files
compilation terminated.
configure:3846: $? = 1
configure:3850: checking whether we are using the GNU C compiler
configure:3869: gcc -c   conftest.c >&5
configure:3869: $? = 0
configure:3878: result: yes
configure:3887: checking whether gcc accepts -g
configure:3907: gcc -c -g  conftest.c >&5
configure:3907: $? = 0
configure:3948: result: yes
configure:3965: checking for gcc option to accept ISO C89
configure:4028: gcc  -c -g -O2  conftest.c >&5
configure:4028: $? = 0
configure:4041: result: none needed
configure:4066: checking whether gcc understands -c and -o together
configure:4088: gcc -c conftest.c -o conftest2.o
configure:4091: $? = 0
configure:4088: gcc -c conftest.c -o conftest2.o
configure:4091: $? = 0
configure:4103: result: yes
configure:4122: checking dependency style of gcc
configure:4233: result: gcc3
configure:4249: checking whether ln -s works
configure:4253: result: yes
configure:4329: checking for pkg-config
configure:4347: found /usr/bin/pkg-config
configure:4359: result: /usr/bin/pkg-config
configure:4384: checking pkg-config is at least version 0.9.0
configure:4387: result: yes
configure:4619: checking for Qt5
configure:4626: $PKG_CONFIG --exists --print-errors "Qt5Core Qt5Gui Qt5Widgets >= 5.0"
configure:4629: $? = 0
configure:4643: $PKG_CONFIG --exists --print-errors "Qt5Core Qt5Gui Qt5Widgets >= 5.0"
configure:4646: $? = 0
configure:4684: result: yes
configure:4694: checking for /usr/include/qt5/QtWidgets/QWidget
configure:4708: result: yes
configure:4711: No extra QT_INCLUDE_DIR needed
configure:4741: Set QT_CXXFLAGS... -DQT_OPENGL_LIB -DQT_WIDGETS_LIB -DQT_GUI_LIB -DQT_CORE_LIB -I/usr/include/qt5/QtOpenGL -I/usr/include/qt5 -I/usr/include/qt5/QtWidgets -I/usr/include/qt5 -I/usr/include/qt5/QtGui -I/usr/include/qt5 -I/usr/include/qt5/QtCore -I/usr/include/qt5 -fPIC
configure:4748: checking for main in -lQt5Core
configure:4767: g++ -o conftest -g -O2   conftest.cpp -lQt5Core   >&5
configure:4767: $? = 0
configure:4776: result: yes
configure:4789: checking for main in -lQt5Gui
configure:4808: g++ -o conftest -g -O2   conftest.cpp -lQt5Gui  -lQt5Core  >&5
configure:4808: $? = 0
configure:4817: result: yes
configure:4830: checking for main in -lQt5Widgets
configure:4849: g++ -o conftest -g -O2   conftest.cpp -lQt5Widgets  -lQt5Gui -lQt5Core  >&5
configure:4849: $? = 0
configure:4858: result: yes
configure:4883: checking for moc-qt5
configure:4902: found /usr/bin/moc-qt5
configure:4914: result: /usr/bin/moc-qt5
configure:4934: checking for lupdate-qt5
configure:4953: found /usr/bin/lupdate-qt5
configure:4965: result: /usr/bin/lupdate-qt5
configure:4985: checking for lrelease-qt5
configure:5004: found /usr/bin/lrelease-qt5
configure:5016: result: /usr/bin/lrelease-qt5
configure:5034: checking for snd_pcm_open in -lasound
configure:5059: g++ -o conftest -g -O2   conftest.cpp -lasound  -lQt5Widgets -lQt5Gui -lQt5Core  >&5
configure:5059: $? = 0
configure:5068: result: yes
configure:5088: checking how to run the C++ preprocessor
configure:5115: g++ -E  conftest.cpp
configure:5115: $? = 0
configure:5129: g++ -E  conftest.cpp
conftest.cpp:17:10: fatal error: ac_nonexistent.h: No such file or directory
 #include <ac_nonexistent.h>
          ^~~~~~~~~~~~~~~~~~
compilation terminated.
configure:5129: $? = 1
configure: failed program was:
| /* confdefs.h */
| #define PACKAGE_NAME "qmidiroute"
| #define PACKAGE_TARNAME "qmidiroute"
| #define PACKAGE_VERSION "0.4.0"
| #define PACKAGE_STRING "qmidiroute 0.4.0"
| #define PACKAGE_BUGREPORT "alsamodular-devel@lists.sourceforge.net"
| #define PACKAGE_URL ""
| #define PACKAGE "qmidiroute"
| #define VERSION "0.4.0"
| #define APP_NAME "QMidiRoute"
| #define HAVE_QT5 1
| #define HAVE_LIBQT5CORE 1
| #define HAVE_LIBQT5GUI 1
| #define HAVE_LIBQT5WIDGETS 1
| #define HAVE_LIBASOUND 1
| /* end confdefs.h.  */
| #include <ac_nonexistent.h>
configure:5154: result: g++ -E
configure:5174: g++ -E  conftest.cpp
configure:5174: $? = 0
configure:5188: g++ -E  conftest.cpp
conftest.cpp:17:10: fatal error: ac_nonexistent.h: No such file or directory
 #include <ac_nonexistent.h>
          ^~~~~~~~~~~~~~~~~~
compilation terminated.
configure:5188: $? = 1
configure: failed program was:
| /* confdefs.h */
| #define PACKAGE_NAME "qmidiroute"
| #define PACKAGE_TARNAME "qmidiroute"
| #define PACKAGE_VERSION "0.4.0"
| #define PACKAGE_STRING "qmidiroute 0.4.0"
| #define PACKAGE_BUGREPORT "alsamodular-devel@lists.sourceforge.net"
| #define PACKAGE_URL ""
| #define PACKAGE "qmidiroute"
| #define VERSION "0.4.0"
| #define APP_NAME "QMidiRoute"
| #define HAVE_QT5 1
| #define HAVE_LIBQT5CORE 1
| #define HAVE_LIBQT5GUI 1
| #define HAVE_LIBQT5WIDGETS 1
| #define HAVE_LIBASOUND 1
| /* end confdefs.h.  */
| #include <ac_nonexistent.h>
configure:5217: checking for grep that handles long lines and -e
configure:5275: result: /usr/bin/grep
configure:5280: checking for egrep
configure:5342: result: /usr/bin/grep -E
configure:5347: checking for ANSI C header files
configure:5367: g++ -c -g -O2  conftest.cpp >&5
configure:5367: $? = 0
configure:5440: g++ -o conftest -g -O2   conftest.cpp -lasound -lQt5Widgets -lQt5Gui -lQt5Core  >&5
configure:5440: $? = 0
configure:5440: ./conftest
configure:5440: $? = 0
configure:5451: result: yes
configure:5464: checking for sys/types.h
configure:5464: g++ -c -g -O2  conftest.cpp >&5
configure:5464: $? = 0
configure:5464: result: yes
configure:5464: checking for sys/stat.h
configure:5464: g++ -c -g -O2  conftest.cpp >&5
configure:5464: $? = 0
configure:5464: result: yes
configure:5464: checking for stdlib.h
configure:5464: g++ -c -g -O2  conftest.cpp >&5
configure:5464: $? = 0
configure:5464: result: yes
configure:5464: checking for string.h
configure:5464: g++ -c -g -O2  conftest.cpp >&5
configure:5464: $? = 0
configure:5464: result: yes
configure:5464: checking for memory.h
configure:5464: g++ -c -g -O2  conftest.cpp >&5
configure:5464: $? = 0
configure:5464: result: yes
configure:5464: checking for strings.h
configure:5464: g++ -c -g -O2  conftest.cpp >&5
configure:5464: $? = 0
configure:5464: result: yes
configure:5464: checking for inttypes.h
configure:5464: g++ -c -g -O2  conftest.cpp >&5
configure:5464: $? = 0
configure:5464: result: yes
configure:5464: checking for stdint.h
configure:5464: g++ -c -g -O2  conftest.cpp >&5
configure:5464: $? = 0
configure:5464: result: yes
configure:5464: checking for unistd.h
configure:5464: g++ -c -g -O2  conftest.cpp >&5
configure:5464: $? = 0
configure:5464: result: yes
configure:5478: checking cstdio usability
configure:5478: g++ -c -g -O2  conftest.cpp >&5
configure:5478: $? = 0
configure:5478: result: yes
configure:5478: checking cstdio presence
configure:5478: g++ -E  conftest.cpp
configure:5478: $? = 0
configure:5478: result: yes
configure:5478: checking for cstdio
configure:5478: result: yes
configure:5490: checking for stdbool.h that conforms to C99
configure:5557: g++ -c -g -O2  conftest.cpp >&5
conftest.cpp:31:15: error: expected unqualified-id before string constant
               "error: bool is not defined"
               ^~~~~~~~~~~~~~~~~~~~~~~~~~~~
conftest.cpp:49:48: error: 's' does not name a type
              struct s { _Bool s: 1; _Bool t; } s;
                                                ^
conftest.cpp:59:28: error: 's' was not declared in this scope
              char i[sizeof s.t];
                            ^
conftest.cpp: In function 'int main()':
conftest.cpp:77:24: error: 's' was not declared in this scope
              bool e = &s;
                        ^
conftest.cpp:81:63: error: 'i' was not declared in this scope
              return (!a + !b + !c + !d + !e + !f + !g + !h + !i + !!j + !k + !!l
                                                               ^
configure:5557: $? = 1
configure: failed program was:
| /* confdefs.h */
| #define PACKAGE_NAME "qmidiroute"
| #define PACKAGE_TARNAME "qmidiroute"
| #define PACKAGE_VERSION "0.4.0"
| #define PACKAGE_STRING "qmidiroute 0.4.0"
| #define PACKAGE_BUGREPORT "alsamodular-devel@lists.sourceforge.net"
| #define PACKAGE_URL ""
| #define PACKAGE "qmidiroute"
| #define VERSION "0.4.0"
| #define APP_NAME "QMidiRoute"
| #define HAVE_QT5 1
| #define HAVE_LIBQT5CORE 1
| #define HAVE_LIBQT5GUI 1
| #define HAVE_LIBQT5WIDGETS 1
| #define HAVE_LIBASOUND 1
| #define STDC_HEADERS 1
| #define HAVE_SYS_TYPES_H 1
| #define HAVE_SYS_STAT_H 1
| #define HAVE_STDLIB_H 1
| #define HAVE_STRING_H 1
| #define HAVE_MEMORY_H 1
| #define HAVE_STRINGS_H 1
| #define HAVE_INTTYPES_H 1
| #define HAVE_STDINT_H 1
| #define HAVE_UNISTD_H 1
| #define HAVE_CSTDIO 1
| /* end confdefs.h.  */
| 
|              #include <stdbool.h>
|              #ifndef bool
|               "error: bool is not defined"
|              #endif
|              #ifndef false
|               "error: false is not defined"
|              #endif
|              #if false
|               "error: false is not 0"
|              #endif
|              #ifndef true
|               "error: true is not defined"
|              #endif
|              #if true != 1
|               "error: true is not 1"
|              #endif
|              #ifndef __bool_true_false_are_defined
|               "error: __bool_true_false_are_defined is not defined"
|              #endif
| 
|              struct s { _Bool s: 1; _Bool t; } s;
| 
|              char a[true == 1 ? 1 : -1];
|              char b[false == 0 ? 1 : -1];
|              char c[__bool_true_false_are_defined == 1 ? 1 : -1];
|              char d[(bool) 0.5 == true ? 1 : -1];
|              /* See body of main program for 'e'.  */
|              char f[(_Bool) 0.0 == false ? 1 : -1];
|              char g[true];
|              char h[sizeof (_Bool)];
|              char i[sizeof s.t];
|              enum { j = false, k = true, l = false * true, m = true * 256 };
|              /* The following fails for
|                 HP aC++/ANSI C B3910B A.05.55 [Dec 04 2003]. */
|              _Bool n[m];
|              char o[sizeof n == m * sizeof n[0] ? 1 : -1];
|              char p[-1 - (_Bool) 0 < 0 && -1 - (bool) 0 < 0 ? 1 : -1];
|              /* Catch a bug in an HP-UX C compiler.  See
|                 http://gcc.gnu.org/ml/gcc-patches/2003-12/msg02303.html
|                 http://lists.gnu.org/archive/html/bug-coreutils/2005-11/msg00161.html
|               */
|              _Bool q = true;
|              _Bool *pq = &q;
| 
| int
| main ()
| {
| 
|              bool e = &s;
|              *pq |= q;
|              *pq |= ! q;
|              /* Refer to every declared value, to avoid compiler optimizations.  */
|              return (!a + !b + !c + !d + !e + !f + !g + !h + !i + !!j + !k + !!l
|                      + !m + !n + !o + !p + !q + !pq);
| 
|   ;
|   return 0;
| }
configure:5564: result: no
configure:5566: checking for _Bool
configure:5566: g++ -c -g -O2  conftest.cpp >&5
conftest.cpp: In function 'int main()':
conftest.cpp:64:13: error: '_Bool' was not declared in this scope
 if (sizeof (_Bool))
             ^~~~~
conftest.cpp:64:13: note: suggested alternative: 'bool'
 if (sizeof (_Bool))
             ^~~~~
             bool
configure:5566: $? = 1
configure: failed program was:
| /* confdefs.h */
| #define PACKAGE_NAME "qmidiroute"
| #define PACKAGE_TARNAME "qmidiroute"
| #define PACKAGE_VERSION "0.4.0"
| #define PACKAGE_STRING "qmidiroute 0.4.0"
| #define PACKAGE_BUGREPORT "alsamodular-devel@lists.sourceforge.net"
| #define PACKAGE_URL ""
| #define PACKAGE "qmidiroute"
| #define VERSION "0.4.0"
| #define APP_NAME "QMidiRoute"
| #define HAVE_QT5 1
| #define HAVE_LIBQT5CORE 1
| #define HAVE_LIBQT5GUI 1
| #define HAVE_LIBQT5WIDGETS 1
| #define HAVE_LIBASOUND 1
| #define STDC_HEADERS 1
| #define HAVE_SYS_TYPES_H 1
| #define HAVE_SYS_STAT_H 1
| #define HAVE_STDLIB_H 1
| #define HAVE_STRING_H 1
| #define HAVE_MEMORY_H 1
| #define HAVE_STRINGS_H 1
| #define HAVE_INTTYPES_H 1
| #define HAVE_STDINT_H 1
| #define HAVE_UNISTD_H 1
| #define HAVE_CSTDIO 1
| /* end confdefs.h.  */
| #include <stdio.h>
| #ifdef HAVE_SYS_TYPES_H
| # include <sys/types.h>
| #endif
| #ifdef HAVE_SYS_STAT_H
| # include <sys/stat.h>
| #endif
| #ifdef STDC_HEADERS
| # include <stdlib.h>
| # include <stddef.h>
| #else
| # ifdef HAVE_STDLIB_H
| #  include <stdlib.h>
| # endif
| #endif
| #ifdef HAVE_STRING_H
| # if !defined STDC_HEADERS && defined HAVE_MEMORY_H
| #  include <memory.h>
| # endif
| # include <string.h>
| #endif
| #ifdef HAVE_STRINGS_H
| # include <strings.h>
| #endif
| #ifdef HAVE_INTTYPES_H
| # include <inttypes.h>
| #endif
| #ifdef HAVE_STDINT_H
| # include <stdint.h>
| #endif
| #ifdef HAVE_UNISTD_H
| # include <unistd.h>
| #endif
| int
| main ()
| {
| if (sizeof (_Bool))
| 	 return 0;
|   ;
|   return 0;
| }
configure:5566: result: no
configure:5583: checking for an ANSI C-conforming const
configure:5649: g++ -c -g -O2  conftest.cpp >&5
configure:5649: $? = 0
configure:5656: result: yes
configure:5664: checking for inline
configure:5680: g++ -c -g -O2  conftest.cpp >&5
configure:5680: $? = 0
configure:5688: result: inline
configure:5706: checking for ssize_t
configure:5706: g++ -c -g -O2  conftest.cpp >&5
configure:5706: $? = 0
configure:5706: g++ -c -g -O2  conftest.cpp >&5
conftest.cpp: In function 'int main()':
conftest.cpp:64:21: error: expected primary-expression before ')' token
 if (sizeof ((ssize_t)))
                     ^
configure:5706: $? = 1
configure: failed program was:
| /* confdefs.h */
| #define PACKAGE_NAME "qmidiroute"
| #define PACKAGE_TARNAME "qmidiroute"
| #define PACKAGE_VERSION "0.4.0"
| #define PACKAGE_STRING "qmidiroute 0.4.0"
| #define PACKAGE_BUGREPORT "alsamodular-devel@lists.sourceforge.net"
| #define PACKAGE_URL ""
| #define PACKAGE "qmidiroute"
| #define VERSION "0.4.0"
| #define APP_NAME "QMidiRoute"
| #define HAVE_QT5 1
| #define HAVE_LIBQT5CORE 1
| #define HAVE_LIBQT5GUI 1
| #define HAVE_LIBQT5WIDGETS 1
| #define HAVE_LIBASOUND 1
| #define STDC_HEADERS 1
| #define HAVE_SYS_TYPES_H 1
| #define HAVE_SYS_STAT_H 1
| #define HAVE_STDLIB_H 1
| #define HAVE_STRING_H 1
| #define HAVE_MEMORY_H 1
| #define HAVE_STRINGS_H 1
| #define HAVE_INTTYPES_H 1
| #define HAVE_STDINT_H 1
| #define HAVE_UNISTD_H 1
| #define HAVE_CSTDIO 1
| /* end confdefs.h.  */
| #include <stdio.h>
| #ifdef HAVE_SYS_TYPES_H
| # include <sys/types.h>
| #endif
| #ifdef HAVE_SYS_STAT_H
| # include <sys/stat.h>
| #endif
| #ifdef STDC_HEADERS
| # include <stdlib.h>
| # include <stddef.h>
| #else
| # ifdef HAVE_STDLIB_H
| #  include <stdlib.h>
| # endif
| #endif
| #ifdef HAVE_STRING_H
| # if !defined STDC_HEADERS && defined HAVE_MEMORY_H
| #  include <memory.h>
| # endif
| # include <string.h>
| #endif
| #ifdef HAVE_STRINGS_H
| # include <strings.h>
| #endif
| #ifdef HAVE_INTTYPES_H
| # include <inttypes.h>
| #endif
| #ifdef HAVE_STDINT_H
| # include <stdint.h>
| #endif
| #ifdef HAVE_UNISTD_H
| # include <unistd.h>
| #endif
| int
| main ()
| {
| if (sizeof ((ssize_t)))
| 	    return 0;
|   ;
|   return 0;
| }
configure:5706: result: yes
configure:5717: checking whether struct tm is in sys/time.h or time.h
configure:5737: g++ -c -g -O2  conftest.cpp >&5
configure:5737: $? = 0
configure:5744: result: time.h
configure:5866: checking that generated files are newer than configure
configure:5872: result: done
configure:5899: creating ./config.status

## ---------------------- ##
## Running config.status. ##
## ---------------------- ##

This file was extended by qmidiroute config.status 0.4.0, which was
generated by GNU Autoconf 2.69.  Invocation command line was

  CONFIG_FILES    = 
  CONFIG_HEADERS  = 
  CONFIG_LINKS    = 
  CONFIG_COMMANDS = 
  $ ./config.status 

on localhost.localdomain

config.status:885: creating Makefile
config.status:885: creating examples/Makefile
config.status:885: creating src/Makefile
config.status:885: creating src/pixmaps/Makefile
config.status:885: creating man/Makefile
config.status:885: creating man/fr/Makefile
config.status:885: creating man/de/Makefile
config.status:885: creating src/config.h
config.status:1114: executing depfiles commands

## ---------------- ##
## Cache variables. ##
## ---------------- ##

ac_cv_c_compiler_gnu=yes
ac_cv_c_const=yes
ac_cv_c_inline=inline
ac_cv_cxx_compiler_gnu=yes
ac_cv_env_CCC_set=
ac_cv_env_CCC_value=
ac_cv_env_CC_set=
ac_cv_env_CC_value=
ac_cv_env_CFLAGS_set=
ac_cv_env_CFLAGS_value=
ac_cv_env_CPPFLAGS_set=
ac_cv_env_CPPFLAGS_value=
ac_cv_env_CXXCPP_set=
ac_cv_env_CXXCPP_value=
ac_cv_env_CXXFLAGS_set=
ac_cv_env_CXXFLAGS_value=
ac_cv_env_CXX_set=
ac_cv_env_CXX_value=
ac_cv_env_LDFLAGS_set=
ac_cv_env_LDFLAGS_value=
ac_cv_env_LIBS_set=
ac_cv_env_LIBS_value=
ac_cv_env_PKG_CONFIG_LIBDIR_set=
ac_cv_env_PKG_CONFIG_LIBDIR_value=
ac_cv_env_PKG_CONFIG_PATH_set=
ac_cv_env_PKG_CONFIG_PATH_value=
ac_cv_env_PKG_CONFIG_set=
ac_cv_env_PKG_CONFIG_value=
ac_cv_env_Qt4_CFLAGS_set=
ac_cv_env_Qt4_CFLAGS_value=
ac_cv_env_Qt4_LIBS_set=
ac_cv_env_Qt4_LIBS_value=
ac_cv_env_Qt5_CFLAGS_set=
ac_cv_env_Qt5_CFLAGS_value=
ac_cv_env_Qt5_LIBS_set=
ac_cv_env_Qt5_LIBS_value=
ac_cv_env_build_alias_set=
ac_cv_env_build_alias_value=
ac_cv_env_host_alias_set=
ac_cv_env_host_alias_value=
ac_cv_env_target_alias_set=
ac_cv_env_target_alias_value=
ac_cv_file__usr_include_qt5_QtWidgets_QWidget=yes
ac_cv_header_cstdio=yes
ac_cv_header_inttypes_h=yes
ac_cv_header_memory_h=yes
ac_cv_header_stdbool_h=no
ac_cv_header_stdc=yes
ac_cv_header_stdint_h=yes
ac_cv_header_stdlib_h=yes
ac_cv_header_string_h=yes
ac_cv_header_strings_h=yes
ac_cv_header_sys_stat_h=yes
ac_cv_header_sys_types_h=yes
ac_cv_header_unistd_h=yes
ac_cv_lib_Qt5Core_main=yes
ac_cv_lib_Qt5Gui_main=yes
ac_cv_lib_Qt5Widgets_main=yes
ac_cv_lib_asound_snd_pcm_open=yes
ac_cv_objext=o
ac_cv_path_EGREP='/usr/bin/grep -E'
ac_cv_path_GREP=/usr/bin/grep
ac_cv_path_LRELEASE=/usr/bin/lrelease-qt5
ac_cv_path_LUPDATE=/usr/bin/lupdate-qt5
ac_cv_path_MOC=/usr/bin/moc-qt5
ac_cv_path_ac_pt_PKG_CONFIG=/usr/bin/pkg-config
ac_cv_path_install='/usr/bin/install -c'
ac_cv_path_mkdir=/usr/bin/mkdir
ac_cv_prog_AWK=gawk
ac_cv_prog_CXXCPP='g++ -E'
ac_cv_prog_ac_ct_CC=gcc
ac_cv_prog_ac_ct_CXX=g++
ac_cv_prog_cc_c89=
ac_cv_prog_cc_g=yes
ac_cv_prog_cxx_g=yes
ac_cv_prog_make_make_set=yes
ac_cv_struct_tm=time.h
ac_cv_type__Bool=no
ac_cv_type_ssize_t=yes
am_cv_CC_dependencies_compiler_type=gcc3
am_cv_CXX_dependencies_compiler_type=gcc3
am_cv_make_support_nested_variables=yes
am_cv_prog_cc_c_o=yes
pkg_cv_Qt5_CFLAGS='-DQT_WIDGETS_LIB -DQT_GUI_LIB -DQT_CORE_LIB -I/usr/include/qt5/QtWidgets -I/usr/include/qt5 -I/usr/include/qt5/QtGui -I/usr/include/qt5 -I/usr/include/qt5/QtCore -I/usr/include/qt5'
pkg_cv_Qt5_LIBS='-lQt5Widgets -lQt5Gui -lQt5Core'

## ----------------- ##
## Output variables. ##
## ----------------- ##

ACLOCAL='aclocal-1.14'
AMDEPBACKSLASH='\'
AMDEP_FALSE='#'
AMDEP_TRUE=''
AMTAR='$${TAR-tar}'
AM_BACKSLASH='\'
AM_DEFAULT_V='$(AM_DEFAULT_VERBOSITY)'
AM_DEFAULT_VERBOSITY='1'
AM_V='$(V)'
AUTOCONF='autoconf'
AUTOHEADER='autoheader'
AUTOMAKE='automake-1.14'
AWK='gawk'
CC='gcc'
CCDEPMODE='depmode=gcc3'
CFLAGS='-g -O2'
CPPFLAGS=''
CXX='g++'
CXXCPP='g++ -E'
CXXDEPMODE='depmode=gcc3'
CXXFLAGS='-g -O2'
CYGPATH_W='echo'
DEFS='-DHAVE_CONFIG_H'
DEPDIR='.deps'
ECHO_C=''
ECHO_N='-n'
ECHO_T=''
EGREP='/usr/bin/grep -E'
EXEEXT=''
GREP='/usr/bin/grep'
INSTALL_DATA='${INSTALL} -m 644'
INSTALL_PROGRAM='${INSTALL}'
INSTALL_SCRIPT='${INSTALL}'
INSTALL_STRIP_PROGRAM='$(install_sh) -c -s'
LDFLAGS=''
LIBOBJS=''
LIBS='-lasound -lQt5Widgets -lQt5Gui -lQt5Core '
LN_S='ln -s'
LRELEASE='/usr/bin/lrelease-qt5'
LTLIBOBJS=''
LUPDATE='/usr/bin/lupdate-qt5'
MAKEINFO='makeinfo'
MKDIR_P='/usr/bin/mkdir -p'
MOC='/usr/bin/moc-qt5'
OBJEXT='o'
PACKAGE='qmidiroute'
PACKAGE_BUGREPORT='alsamodular-devel@lists.sourceforge.net'
PACKAGE_NAME='qmidiroute'
PACKAGE_STRING='qmidiroute 0.4.0'
PACKAGE_TARNAME='qmidiroute'
PACKAGE_URL=''
PACKAGE_VERSION='0.4.0'
PATH_SEPARATOR=':'
PKG_CONFIG='/usr/bin/pkg-config'
PKG_CONFIG_LIBDIR=''
PKG_CONFIG_PATH=''
QT_CXXFLAGS='-DQT_OPENGL_LIB -DQT_WIDGETS_LIB -DQT_GUI_LIB -DQT_CORE_LIB -I/usr/include/qt5/QtOpenGL -I/usr/include/qt5 -I/usr/include/qt5/QtWidgets -I/usr/include/qt5 -I/usr/include/qt5/QtGui -I/usr/include/qt5 -I/usr/include/qt5/QtCore -I/usr/include/qt5 -fPIC'
Qt4_CFLAGS=''
Qt4_LIBS=''
Qt5_CFLAGS='-DQT_WIDGETS_LIB -DQT_GUI_LIB -DQT_CORE_LIB -I/usr/include/qt5/QtWidgets -I/usr/include/qt5 -I/usr/include/qt5/QtGui -I/usr/include/qt5 -I/usr/include/qt5/QtCore -I/usr/include/qt5'
Qt5_LIBS='-lQt5Widgets -lQt5Gui -lQt5Core'
SET_MAKE=''
SHELL='/bin/sh'
STRIP=''
VERSION='0.4.0'
ac_ct_CC='gcc'
ac_ct_CXX='g++'
am__EXEEXT_FALSE=''
am__EXEEXT_TRUE='#'
am__fastdepCC_FALSE='#'
am__fastdepCC_TRUE=''
am__fastdepCXX_FALSE='#'
am__fastdepCXX_TRUE=''
am__include='include'
am__isrc=''
am__leading_dot='.'
am__nodep='_no'
am__quote=''
am__tar='$${TAR-tar} chof - "$$tardir"'
am__untar='$${TAR-tar} xf -'
bindir='${exec_prefix}/bin'
build_alias=''
datadir='${datarootdir}'
datarootdir='${prefix}/share'
docdir='${datarootdir}/doc/${PACKAGE_TARNAME}'
dvidir='${docdir}'
exec_prefix='${prefix}'
host_alias=''
htmldir='${docdir}'
includedir='${prefix}/include'
infodir='${datarootdir}/info'
install_sh='${SHELL} /home/netpipe/Downloads/qmidiroute-0.4.0/install-sh'
libdir='${exec_prefix}/lib64'
libexecdir='${exec_prefix}/lib'
localedir='${datarootdir}/locale'
localstatedir='${prefix}/var'
mandir='${datarootdir}/man'
mkdir_p='$(MKDIR_P)'
oldincludedir='/usr/include'
pdfdir='${docdir}'
prefix='/usr/local'
program_transform_name='s,x,x,'
psdir='${docdir}'
sbindir='${exec_prefix}/sbin'
sharedstatedir='${prefix}/com'
sysconfdir='${prefix}/etc'
target_alias=''

## ----------- ##
## confdefs.h. ##
## ----------- ##

/* confdefs.h */
#define PACKAGE_NAME "qmidiroute"
#define PACKAGE_TARNAME "qmidiroute"
#define PACKAGE_VERSION "0.4.0"
#define PACKAGE_STRING "qmidiroute 0.4.0"
#define PACKAGE_BUGREPORT "alsamodular-devel@lists.sourceforge.net"
#define PACKAGE_URL ""
#define PACKAGE "qmidiroute"
#define VERSION "0.4.0"
#define APP_NAME "QMidiRoute"
#define HAVE_QT5 1
#define HAVE_LIBQT5CORE 1
#define HAVE_LIBQT5GUI 1
#define HAVE_LIBQT5WIDGETS 1
#define HAVE_LIBASOUND 1
#define STDC_HEADERS 1
#define HAVE_SYS_TYPES_H 1
#define HAVE_SYS_STAT_H 1
#define HAVE_STDLIB_H 1
#define HAVE_STRING_H 1
#define HAVE_MEMORY_H 1
#define HAVE_STRINGS_H 1
#define HAVE_INTTYPES_H 1
#define HAVE_STDINT_H 1
#define HAVE_UNISTD_H 1
#define HAVE_CSTDIO 1

configure: exit 0
